from 30728 end 30827 volume 135800
from 30828 end 30927 volume 135800
from 30928 end 31027 volume 135800
from 31028 end 31127 volume 135800
from 31128 end 31227 volume 135800
from 31228 end 31327 volume 135800
from 31328 end 31427 volume 135800
from 31428 end 31527 volume 135800
from 31528 end 31627 volume 135800
from 31628 end 31727 volume 135800
from 31728 end 31827 volume 135800
from 31828 end 31927 volume 135800
from 31928 end 32027 volume 135800
from 32028 end 32127 volume 135800
from 32128 end 32227 volume 135800
from 32228 end 32327 volume 135800
from 32328 end 32427 volume 135800
from 32428 end 32527 volume 135800
from 32528 end 32627 volume 135800
from 32628 end 32727 volume 135800
from 32728 end 32827 volume 135800
from 32828 end 32927 volume 135800
from 32928 end 33027 volume 135800
from 33028 end 33127 volume 135800
from 33128 end 33227 volume 135800
from 33228 end 33327 volume 135800
from 33328 end 33427 volume 135800
from 33428 end 33527 volume 135800
from 33528 end 33627 volume 135800
from 33628 end 33727 volume 135800
from 33728 end 33827 volume 135800
from 33828 end 33927 volume 135800
from 33928 end 34027 volume 135800
from 34028 end 34127 volume 135800
from 34128 end 34227 volume 135800
from 34228 end 34327 volume 135800
from 34328 end 34427 volume 135800
from 34428 end 34527 volume 135800
from 34528 end 34627 volume 135800
from 34628 end 34727 volume 135800
from 34728 end 34827 volume 135800
from 34828 end 34927 volume 135800
from 34928 end 35027 volume 135800
from 35028 end 35127 volume 135800
from 35128 end 35227 volume 135800
from 35228 end 35327 volume 135800
from 35328 end 35427 volume 135800
from 35428 end 35527 volume 135800
from 35528 end 35627 volume 135800
from 35628 end 35727 volume 135800
from 35728 end 35827 volume 135800
from 35828 end 35927 volume 135800
from 35928 end 36027 volume 135800
from 36028 end 36127 volume 135800
from 36128 end 36227 volume 135800
from 36228 end 36327 volume 135800
from 36328 end 36427 volume 135800
from 36428 end 36527 volume 135800
from 36528 end 36627 volume 135800
from 36628 end 36727 volume 135800
from 36728 end 36827 volume 135800
from 36828 end 36927 volume 135800
from 36928 end 37027 volume 135800
from 37028 end 37127 volume 135800
from 37128 end 37227 volume 135800
from 37228 end 37327 volume 135800
from 37328 end 37427 volume 135800
from 37428 end 37527 volume 135800
from 37528 end 37627 volume 135800
from 37628 end 37727 volume 135800
from 37728 end 37827 volume 135800
from 37828 end 37927 volume 135800
from 37928 end 38027 volume 135800
from 38028 end 38127 volume 135800
from 38128 end 38227 volume 135800
from 38228 end 38327 volume 135800
from 38328 end 38427 volume 135800
from 38428 end 38527 volume 135800
from 38528 end 38627 volume 135800
from 38628 end 38727 volume 135800
from 38728 end 38827 volume 135800
from 38828 end 38927 volume 135800
from 38928 end 39027 volume 135800
from 39028 end 39127 volume 135800
from 39128 end 39227 volume 135800
from 39228 end 39327 volume 135800
from 39328 end 39427 volume 135800
from 39428 end 39527 volume 135800
from 39528 end 39627 volume 135800
from 39628 end 39727 volume 135800
from 39728 end 39827 volume 135800
from 39828 end 39927 volume 135800
from 39928 end 40027 volume 135800
from 40028 end 40127 volume 135800
from 40128 end 40227 volume 135800
from 40228 end 40327 volume 135800
from 40328 end 40427 volume 135800
from 40428 end 40527 volume 135800
from 40528 end 40627 volume 135800
from 40628 end 40727 volume 135800
from 40728 end 40827 volume 135800
from 40828 end 40927 volume 135800
from 40928 end 41027 volume 135800
from 41028 end 41127 volume 135800
from 41128 end 41227 volume 135800
from 41228 end 41327 volume 135800
from 41328 end 41427 volume 135800
from 41428 end 41527 volume 135800
from 41528 end 41627 volume 135800
from 41628 end 41727 volume 135800
from 41728 end 41827 volume 135800
from 41828 end 41927 volume 135800
from 41928 end 42027 volume 135800
from 42028 end 42127 volume 135800
from 42128 end 42227 volume 135800
from 42228 end 42327 volume 135800
from 42328 end 42427 volume 135800
from 42428 end 42527 volume 135800
from 42528 end 42627 volume 135800
from 42628 end 42727 volume 135800
from 42728 end 42827 volume 135800
from 42828 end 42927 volume 135800
from 42928 end 43027 volume 135800
from 43028 end 43127 volume 135800
from 43128 end 43227 volume 135800
from 43228 end 43327 volume 135800
from 43328 end 43427 volume 135800
from 43428 end 43527 volume 135800
from 43528 end 43627 volume 135800
from 43628 end 43727 volume 135800
from 43728 end 43827 volume 135800
from 43828 end 43927 volume 135800
from 43928 end 44027 volume 135800
from 44028 end 44127 volume 135800
from 44128 end 44227 volume 135800
from 44228 end 44327 volume 135800
from 44328 end 44427 volume 135800
from 44428 end 44527 volume 135800
from 44528 end 44627 volume 135800
from 44628 end 44727 volume 135800
from 44728 end 44827 volume 135800
from 44828 end 44927 volume 135800
from 44928 end 45027 volume 135800
from 45028 end 45127 volume 135800
from 45128 end 45227 volume 135800
from 45228 end 45327 volume 135800
from 45328 end 45427 volume 135800
from 45428 end 45527 volume 135800
from 45528 end 45627 volume 135800
from 45628 end 45727 volume 135800
from 45728 end 45827 volume 135800
from 45828 end 45927 volume 135800
from 45928 end 46027 volume 135800
from 46028 end 46127 volume 135800
from 46128 end 46227 volume 135800
from 46205 end 46304 volume 135800
from 46228 end 46327 volume 135800
from 46305 end 46404 volume 135800
from 46328 end 46427 volume 135800
from 46405 end 46504 volume 135800
from 46428 end 46527 volume 135800
from 46505 end 46604 volume 135800
from 46528 end 46627 volume 135800
from 46605 end 46704 volume 135800
from 46628 end 46727 volume 135800
from 46705 end 46804 volume 135800
from 46728 end 46827 volume 135800
from 46805 end 46904 volume 135800
from 46828 end 46927 volume 135800
from 46905 end 47004 volume 135800
from 46928 end 47027 volume 135800
from 47005 end 47104 volume 135800
from 47028 end 47127 volume 135800
from 47105 end 47204 volume 135800
from 47128 end 47227 volume 135800
from 47205 end 47304 volume 135800
from 47228 end 47327 volume 135800
from 47305 end 47404 volume 135800
from 47328 end 47427 volume 135800
from 47405 end 47504 volume 135800
from 47428 end 47527 volume 135800
from 47505 end 47604 volume 135800
from 47528 end 47627 volume 135800
from 47605 end 47704 volume 135800
from 47628 end 47727 volume 135800
from 47705 end 47804 volume 135800
from 47728 end 47827 volume 135800
from 47805 end 47904 volume 135800
from 47828 end 47927 volume 135800
from 47905 end 48004 volume 135800
from 47928 end 48027 volume 135800
from 48005 end 48104 volume 135800
from 48028 end 48127 volume 135800
from 48105 end 48204 volume 135800
from 48128 end 48227 volume 135800
from 48205 end 48304 volume 135800
from 48228 end 48327 volume 135800
from 48305 end 48404 volume 135800
from 48328 end 48427 volume 135800
from 48405 end 48504 volume 135800
from 48428 end 48527 volume 135800
from 48505 end 48604 volume 135800
from 48528 end 48627 volume 135800
from 48605 end 48704 volume 135800
from 48628 end 48727 volume 135800
from 48705 end 48804 volume 135800
from 48728 end 48827 volume 135800
from 48805 end 48904 volume 135800
from 48828 end 48927 volume 135800
from 48905 end 49004 volume 135800
from 48928 end 49027 volume 135800
from 49005 end 49104 volume 135800
from 49028 end 49127 volume 135800
from 49105 end 49204 volume 135800
from 49128 end 49227 volume 135800
from 49205 end 49304 volume 135800
from 49228 end 49327 volume 135800
from 49305 end 49404 volume 135800
from 49328 end 49427 volume 135800
from 49405 end 49504 volume 135800
from 49428 end 49527 volume 135800
from 49505 end 49604 volume 135800
from 49528 end 49627 volume 135800
from 49605 end 49704 volume 135800
from 49628 end 49727 volume 135800
from 49705 end 49804 volume 135800
from 49728 end 49827 volume 135800
from 49805 end 49904 volume 135800
from 49828 end 49927 volume 135800
from 49905 end 50004 volume 135800
from 49928 end 50027 volume 135800
from 50005 end 50104 volume 135800
from 50028 end 50127 volume 135800
from 50105 end 50204 volume 135800
from 50128 end 50227 volume 135800
from 50205 end 50304 volume 135800
from 50228 end 50327 volume 135800
from 50305 end 50404 volume 135800
from 50328 end 50427 volume 135800
from 50405 end 50504 volume 135800
from 50428 end 50527 volume 135800
from 50505 end 50604 volume 135800
from 50528 end 50627 volume 135800
from 50605 end 50704 volume 135800
from 50628 end 50727 volume 135800
from 50705 end 50804 volume 135800
from 50728 end 50827 volume 135800
from 50805 end 50904 volume 135800
from 50828 end 50927 volume 135800
from 50905 end 51004 volume 135800
from 50928 end 51027 volume 135800
from 51005 end 51104 volume 135800
from 51028 end 51127 volume 135800
from 51105 end 51204 volume 135800
from 51128 end 51227 volume 135800
from 51205 end 51304 volume 135800
from 51228 end 51327 volume 135800
from 51305 end 51404 volume 135800
from 51328 end 51427 volume 135800
from 51405 end 51504 volume 135800
from 51428 end 51527 volume 135800
from 51505 end 51604 volume 135800
from 51528 end 51627 volume 135800
from 51605 end 51704 volume 135800
from 51628 end 51727 volume 135800
from 51705 end 51804 volume 135800
from 51728 end 51827 volume 135800
from 51805 end 51904 volume 135800
from 51828 end 51927 volume 135800
from 51905 end 52004 volume 135800
from 51928 end 52027 volume 135800
from 52005 end 52104 volume 135800
from 52028 end 52127 volume 135800
from 52105 end 52204 volume 135800
from 52128 end 52227 volume 135800
from 52205 end 52304 volume 135800
from 52228 end 52327 volume 135800
from 52305 end 52404 volume 135800
from 52328 end 52427 volume 135800
from 52405 end 52504 volume 135800
from 52428 end 52527 volume 135800
from 52505 end 52604 volume 135800
from 52528 end 52627 volume 135800
from 52605 end 52704 volume 135800
from 52628 end 52727 volume 135800
from 52705 end 52804 volume 135800
from 52728 end 52827 volume 135800
from 52805 end 52904 volume 135800
from 52828 end 52927 volume 135800
from 52905 end 53004 volume 135800
from 52928 end 53027 volume 135800
from 53005 end 53104 volume 135800
from 53028 end 53127 volume 135800
from 53105 end 53204 volume 135800
from 53128 end 53227 volume 135800
from 53205 end 53304 volume 135800
from 53228 end 53327 volume 135800
from 53305 end 53404 volume 135800
from 53328 end 53427 volume 135800
from 53405 end 53504 volume 135800
from 53428 end 53527 volume 135800
from 53505 end 53604 volume 135800
from 53528 end 53627 volume 135800
from 53605 end 53704 volume 135800
from 53628 end 53727 volume 135800
from 53705 end 53804 volume 135800
from 53728 end 53827 volume 135800
from 53805 end 53904 volume 135800
from 53828 end 53927 volume 135800
from 53905 end 54004 volume 135800
from 53928 end 54027 volume 135800
from 54005 end 54104 volume 135800
from 54028 end 54127 volume 135800
from 54105 end 54204 volume 135800
from 54128 end 54227 volume 135800
from 54205 end 54304 volume 135800
from 54228 end 54327 volume 135800
from 54305 end 54404 volume 135800
from 54328 end 54427 volume 135800
from 54405 end 54504 volume 135800
from 54428 end 54527 volume 135800
from 54505 end 54604 volume 135800
from 54528 end 54627 volume 135800
from 54605 end 54704 volume 135800
from 54628 end 54727 volume 135800
from 54705 end 54804 volume 135800
from 54728 end 54827 volume 135800
from 54805 end 54904 volume 135800
from 54828 end 54927 volume 135800
from 54905 end 55004 volume 135800
from 54928 end 55027 volume 135800
from 55005 end 55104 volume 135800
from 55028 end 55127 volume 135800
from 55105 end 55204 volume 135800
from 55128 end 55227 volume 135800
from 55205 end 55304 volume 135800
from 55228 end 55327 volume 135800
from 55305 end 55404 volume 135800
from 55328 end 55427 volume 135800
from 55405 end 55504 volume 135800
from 55428 end 55527 volume 135800
from 55505 end 55604 volume 135800
from 55528 end 55627 volume 135800
from 55605 end 55704 volume 135800
from 55628 end 55727 volume 135800
from 55705 end 55804 volume 135800
from 55728 end 55827 volume 135800
from 55805 end 55904 volume 135800
from 55828 end 55927 volume 135800
from 55905 end 56004 volume 135800
from 55928 end 56027 volume 135800
from 56005 end 56104 volume 135800
from 56028 end 56127 volume 135800
from 56105 end 56204 volume 135800
from 56128 end 56227 volume 135800
from 56205 end 56304 volume 135800
from 56228 end 56327 volume 135800
from 56305 end 56404 volume 135800
from 56328 end 56427 volume 135800
from 56405 end 56504 volume 135800
from 56428 end 56527 volume 135800
from 56505 end 56604 volume 135800
from 56528 end 56627 volume 135800
from 56605 end 56704 volume 135800
from 56628 end 56727 volume 135800
from 56705 end 56804 volume 135800
from 56728 end 56827 volume 135800
from 56805 end 56904 volume 135800
from 56828 end 56927 volume 135800
from 56905 end 57004 volume 135800
from 56928 end 57027 volume 135800
from 57005 end 57104 volume 135800
from 57028 end 57127 volume 135800
from 57105 end 57204 volume 135800
from 57128 end 57227 volume 135800
from 57205 end 57304 volume 135800
from 57228 end 57327 volume 135800
from 57305 end 57404 volume 135800
from 57328 end 57427 volume 135800
from 57405 end 57504 volume 135800
from 57428 end 57527 volume 135800
from 57505 end 57604 volume 135800
from 57528 end 57627 volume 135800
from 57605 end 57704 volume 135800
from 57628 end 57727 volume 135800
from 57705 end 57804 volume 135800
from 57728 end 57827 volume 135800
from 57805 end 57904 volume 135800
from 57828 end 57927 volume 135800
from 57905 end 58004 volume 135800
from 57928 end 58027 volume 135800
from 58005 end 58104 volume 135800
from 58028 end 58127 volume 135800
from 58105 end 58204 volume 135800
from 58128 end 58227 volume 135800
from 58205 end 58304 volume 135800
from 58228 end 58327 volume 135800
from 58305 end 58404 volume 135800
from 58328 end 58427 volume 135800
from 58405 end 58504 volume 135800
from 58428 end 58527 volume 135800
from 58505 end 58604 volume 135800
from 58528 end 58627 volume 135800
from 58605 end 58704 volume 135800
from 58628 end 58727 volume 135800
from 58705 end 58804 volume 135800
from 58728 end 58827 volume 135800
from 58805 end 58904 volume 135800
from 58828 end 58927 volume 135800
from 58905 end 59004 volume 135800
from 58928 end 59027 volume 135800
from 59005 end 59104 volume 135800
from 59028 end 59127 volume 135800
from 59105 end 59204 volume 135800
from 59128 end 59227 volume 135800
from 59205 end 59304 volume 135800
from 59228 end 59327 volume 135800
from 59305 end 59404 volume 135800
from 59328 end 59427 volume 135800
from 59405 end 59504 volume 135800
from 59428 end 59527 volume 135800
from 59505 end 59604 volume 135800
from 59528 end 59627 volume 135800
from 59605 end 59704 volume 135800
from 59628 end 59727 volume 135800
from 59705 end 59804 volume 135800
from 59728 end 59827 volume 135800
from 59805 end 59904 volume 135800
from 59828 end 59927 volume 135800
from 59905 end 60004 volume 135800
from 59928 end 60027 volume 135800
from 60005 end 60104 volume 135800
from 60028 end 60127 volume 135800
from 60105 end 60204 volume 135800
from 60128 end 60227 volume 135800
from 60205 end 60304 volume 135800
from 60228 end 60327 volume 135800
from 60305 end 60404 volume 135800
from 60328 end 60427 volume 135800
from 60405 end 60504 volume 135800
from 60428 end 60527 volume 135800
from 60505 end 60604 volume 135800
from 60528 end 60627 volume 135800
from 60605 end 60704 volume 135800
from 60628 end 60727 volume 135800
from 60705 end 60804 volume 135800
from 60728 end 60827 volume 135800
from 60805 end 60904 volume 135800
from 60828 end 60927 volume 135800
from 60905 end 61004 volume 135800
from 60928 end 61027 volume 135800
from 61005 end 61104 volume 135800
from 61028 end 61127 volume 135800
from 61105 end 61204 volume 135800
from 61128 end 61227 volume 135800
from 61205 end 61304 volume 135800
from 61228 end 61327 volume 135800
from 61305 end 61404 volume 135800
from 61328 end 61427 volume 135800
from 61405 end 61504 volume 135800
from 61428 end 61527 volume 135800
from 61505 end 61604 volume 135800
from 61528 end 61627 volume 135800
from 61605 end 61704 volume 135800
from 61628 end 61727 volume 135800
from 61705 end 61804 volume 135800
from 61728 end 61827 volume 135800
from 61805 end 61904 volume 135800
from 61828 end 61927 volume 135800
from 61905 end 62004 volume 135800
from 61928 end 62027 volume 135800
from 62005 end 62104 volume 135800
from 62028 end 62127 volume 135800
from 62105 end 62204 volume 135800
from 62128 end 62227 volume 135800
from 62205 end 62304 volume 135800
from 62228 end 62327 volume 135800
from 62305 end 62404 volume 135800
from 62328 end 62427 volume 135800
from 62405 end 62504 volume 135800
from 62428 end 62527 volume 135800
from 62505 end 62604 volume 135800
from 62528 end 62627 volume 135800
from 62605 end 62704 volume 135800
from 62628 end 62727 volume 135800
from 62705 end 62804 volume 135800
from 62728 end 62827 volume 135800
from 62805 end 62904 volume 135800
from 62828 end 62927 volume 135800
from 62905 end 63004 volume 135800
from 62928 end 63027 volume 135800
from 63005 end 63104 volume 135800
from 63028 end 63127 volume 135800
from 63105 end 63204 volume 135800
from 63128 end 63227 volume 135800
from 63205 end 63304 volume 135800
from 63228 end 63327 volume 135800
from 63305 end 63404 volume 135800
from 63328 end 63427 volume 135800
from 63405 end 63504 volume 135800
from 63428 end 63527 volume 135800
from 63505 end 63604 volume 135800
from 63528 end 63627 volume 135800
from 63605 end 63704 volume 135800
from 63628 end 63727 volume 135800
from 63705 end 63804 volume 135800
from 63728 end 63827 volume 135800
from 63805 end 63904 volume 135800
from 63828 end 63927 volume 135800
from 63905 end 64004 volume 135800
from 63928 end 64027 volume 135800
from 64005 end 64104 volume 135800
from 64028 end 64127 volume 135800
from 64105 end 64204 volume 135800
from 64128 end 64227 volume 135800
from 64205 end 64304 volume 135800
from 64228 end 64327 volume 135800
from 64305 end 64404 volume 135800
from 64328 end 64427 volume 135800
from 64405 end 64504 volume 135800
from 64428 end 64527 volume 135800
from 64505 end 64604 volume 135800
from 64528 end 64627 volume 135800
from 64605 end 64704 volume 135800
from 64628 end 64727 volume 135800
from 64705 end 64804 volume 135800
from 64728 end 64827 volume 135800
from 64805 end 64904 volume 135800
from 64828 end 64927 volume 135800
from 64905 end 65004 volume 135800
from 64928 end 65027 volume 135800
from 65005 end 65104 volume 135800
from 65028 end 65127 volume 135800
from 65105 end 65204 volume 135800
from 65128 end 65227 volume 135800
from 65205 end 65304 volume 135800
from 65228 end 65327 volume 135800
from 16000 end 16099 volume 135800
from 16100 end 16199 volume 135800
from 16200 end 16299 volume 135800
from 16300 end 16399 volume 135800
from 16400 end 16499 volume 135800
from 16500 end 16599 volume 135800
from 16600 end 16699 volume 135800
from 16700 end 16799 volume 135800
from 16800 end 16899 volume 135800
from 16900 end 16999 volume 135800
from 17000 end 17099 volume 135800
from 17100 end 17199 volume 135800
from 17200 end 17299 volume 135800
from 17300 end 17399 volume 135800
from 17400 end 17499 volume 135800
from 17500 end 17599 volume 135800
from 17600 end 17699 volume 135800
from 17700 end 17799 volume 135800
from 17800 end 17899 volume 135800
from 17900 end 17999 volume 135800
from 18000 end 18099 volume 135800
from 18100 end 18199 volume 135800
from 18200 end 18299 volume 135800
from 18300 end 18399 volume 135800
from 18400 end 18499 volume 135800
from 18500 end 18599 volume 135800
from 18600 end 18699 volume 135800
from 18700 end 18799 volume 135800
from 18800 end 18899 volume 135800
from 36614 end 36713 volume 135800
from 36714 end 36813 volume 135800
from 36814 end 36913 volume 135800
from 36914 end 37013 volume 135800
from 37014 end 37113 volume 135800
from 37114 end 37213 volume 135800
from 37214 end 37313 volume 135800
from 37314 end 37413 volume 135800
from 37414 end 37513 volume 135800
from 37514 end 37613 volume 135800
from 37614 end 37713 volume 135800
from 37714 end 37813 volume 135800
from 37814 end 37913 volume 135800
from 37914 end 38013 volume 135800
from 38014 end 38113 volume 135800
from 38114 end 38213 volume 135800
from 38214 end 38313 volume 135800
from 38314 end 38413 volume 135800
from 38414 end 38513 volume 135800
from 38514 end 38613 volume 135800
from 38614 end 38713 volume 135800
from 38714 end 38813 volume 135800
from 38814 end 38913 volume 135800
from 38914 end 39013 volume 135800
from 39014 end 39113 volume 135800
from 39114 end 39213 volume 135800
from 39214 end 39313 volume 135800
from 39314 end 39413 volume 135800
from 39414 end 39513 volume 135800
from 39514 end 39613 volume 135800
from 39614 end 39713 volume 135800
from 39714 end 39813 volume 135800
from 39814 end 39913 volume 135800
from 39914 end 40013 volume 135800
from 40014 end 40113 volume 135800
from 40114 end 40213 volume 135800
from 40214 end 40313 volume 135800
from 40314 end 40413 volume 135800
from 40414 end 40513 volume 135800
from 40514 end 40613 volume 135800
from 40614 end 40713 volume 135800
from 40714 end 40813 volume 135800
from 40814 end 40913 volume 135800
from 40914 end 41013 volume 135800
from 41014 end 41113 volume 135800
from 41114 end 41213 volume 135800
from 41214 end 41313 volume 135800
from 41314 end 41413 volume 135800
from 41414 end 41513 volume 135800
from 41514 end 41613 volume 135800
from 41614 end 41713 volume 135800
from 41714 end 41813 volume 135800
from 41814 end 41913 volume 135800
from 41914 end 42013 volume 135800
from 42014 end 42113 volume 135800
from 42114 end 42213 volume 135800
from 42214 end 42313 volume 135800
from 42314 end 42413 volume 135800
from 42414 end 42513 volume 135800
from 42514 end 42613 volume 135800
from 42614 end 42713 volume 135800
from 42714 end 42813 volume 135800
from 42814 end 42913 volume 135800
from 42914 end 43013 volume 135800
from 43014 end 43113 volume 135800
from 43114 end 43213 volume 135800
from 43214 end 43313 volume 135800
from 43314 end 43413 volume 135800
from 43414 end 43513 volume 135800
from 43514 end 43613 volume 135800
from 43614 end 43713 volume 135800
from 43714 end 43813 volume 135800
from 43814 end 43913 volume 135800
from 43914 end 44013 volume 135800
from 44014 end 44113 volume 135800
from 44114 end 44213 volume 135800
from 44214 end 44313 volume 135800
from 44314 end 44413 volume 135800
from 44414 end 44513 volume 135800
from 44514 end 44613 volume 135800
from 44614 end 44713 volume 135800
from 44714 end 44813 volume 135800
from 44814 end 44913 volume 135800
from 44914 end 45013 volume 135800
from 45014 end 45113 volume 135800
from 45114 end 45213 volume 135800
from 45214 end 45313 volume 135800
from 45314 end 45413 volume 135800
from 45414 end 45513 volume 135800
from 45514 end 45613 volume 135800
from 45614 end 45713 volume 135800
from 45714 end 45813 volume 135800
from 45814 end 45913 volume 135800
from 45914 end 46013 volume 135800
from 46014 end 46113 volume 135800
from 46114 end 46213 volume 135800
from 46214 end 46313 volume 135800
from 46314 end 46413 volume 135800
from 46414 end 46513 volume 135800
from 46514 end 46613 volume 135800
from 46614 end 46713 volume 135800
from 46714 end 46813 volume 135800
from 46814 end 46913 volume 135800
from 46914 end 47013 volume 135800
from 47014 end 47113 volume 135800
from 47114 end 47213 volume 135800
from 47214 end 47313 volume 135800
from 47314 end 47413 volume 135800
from 47414 end 47513 volume 135800
from 47514 end 47613 volume 135800
from 30144 end 30243 volume 135800
from 30244 end 30343 volume 135800
from 30344 end 30443 volume 135800
from 30444 end 30543 volume 135800
from 30544 end 30643 volume 135800
from 30644 end 30743 volume 135800
from 30744 end 30843 volume 135800
from 30844 end 30943 volume 135800
from 30944 end 31043 volume 135800
from 31044 end 31143 volume 135800
from 31144 end 31243 volume 135800
from 31244 end 31343 volume 135800
from 31344 end 31443 volume 135800
from 31444 end 31543 volume 135800
from 31544 end 31643 volume 135800
from 31644 end 31743 volume 135800
from 31744 end 31843 volume 135800
from 31844 end 31943 volume 135800
from 31944 end 32043 volume 135800
from 32044 end 32143 volume 135800
from 32144 end 32243 volume 135800
from 32244 end 32343 volume 135800
from 32344 end 32443 volume 135800
from 32444 end 32543 volume 135800
from 32544 end 32643 volume 135800
from 32644 end 32743 volume 135800
from 32744 end 32843 volume 135800
from 32844 end 32943 volume 135800
from 32944 end 33043 volume 135800
from 33044 end 33143 volume 135800
from 33144 end 33243 volume 135800
from 33244 end 33343 volume 135800
from 33344 end 33443 volume 135800
from 33444 end 33543 volume 135800
from 33544 end 33643 volume 135800
from 33644 end 33743 volume 135800
from 33744 end 33843 volume 135800
from 33844 end 33943 volume 135800
from 33944 end 34043 volume 135800
from 34044 end 34143 volume 135800
from 34144 end 34243 volume 135800
from 34244 end 34343 volume 135800
from 34344 end 34443 volume 135800
from 34444 end 34543 volume 135800
from 34544 end 34643 volume 135800
from 34644 end 34743 volume 135800
from 34744 end 34843 volume 135800
from 34844 end 34943 volume 135800
from 34944 end 35043 volume 135800
from 35044 end 35143 volume 135800
from 35144 end 35243 volume 135800
from 35244 end 35343 volume 135800
from 35344 end 35443 volume 135800
from 35444 end 35543 volume 135800
from 35544 end 35643 volume 135800
from 35644 end 35743 volume 135800
from 35744 end 35843 volume 135800
from 35844 end 35943 volume 135800
from 35944 end 36043 volume 135800
from 36044 end 36143 volume 135800
from 36144 end 36243 volume 135800
from 36244 end 36343 volume 135800
from 36344 end 36443 volume 135800
from 36444 end 36543 volume 135800
from 36544 end 36643 volume 135800
from 36644 end 36743 volume 135800
from 36744 end 36843 volume 135800
from 36844 end 36943 volume 135800
from 36944 end 37043 volume 135800
from 37044 end 37143 volume 135800
from 37144 end 37243 volume 135800
from 37244 end 37343 volume 135800
from 37344 end 37443 volume 135800
from 37444 end 37543 volume 135800
from 37544 end 37643 volume 135800
from 37644 end 37743 volume 135800
from 37744 end 37843 volume 135800
from 37844 end 37943 volume 135800
from 37944 end 38043 volume 135800
from 38044 end 38143 volume 135800
from 38144 end 38243 volume 135800
from 38244 end 38343 volume 135800
from 38344 end 38443 volume 135800
from 38444 end 38543 volume 135800
from 38544 end 38643 volume 135800
from 38644 end 38743 volume 135800
from 38744 end 38843 volume 135800
from 38844 end 38943 volume 135800
from 38944 end 39043 volume 135800
from 39044 end 39143 volume 135800
from 39144 end 39243 volume 135800
from 39244 end 39343 volume 135800
from 39344 end 39443 volume 135800
from 39444 end 39543 volume 135800
from 39544 end 39643 volume 135800
from 39644 end 39743 volume 135800
from 39744 end 39843 volume 135800
from 39844 end 39943 volume 135800
from 39944 end 40043 volume 135800
from 40044 end 40143 volume 135800
from 40144 end 40243 volume 135800
from 40244 end 40343 volume 135800
from 40344 end 40443 volume 135800
from 40444 end 40543 volume 135800
from 40544 end 40643 volume 135800
from 40644 end 40743 volume 135800
from 40744 end 40843 volume 135800
from 40844 end 40943 volume 135800
from 40944 end 41043 volume 135800
from 41044 end 41143 volume 135800
from 41144 end 41243 volume 135800
from 41244 end 41343 volume 135800
from 41344 end 41443 volume 135800
from 41444 end 41543 volume 135800
from 41544 end 41643 volume 135800
from 41644 end 41743 volume 135800
from 41744 end 41843 volume 135800
from 41844 end 41943 volume 135800
from 41944 end 42043 volume 135800
from 42044 end 42143 volume 135800
from 42144 end 42243 volume 135800
from 42244 end 42343 volume 135800
from 42344 end 42443 volume 135800
from 42444 end 42543 volume 135800
from 42544 end 42643 volume 135800
from 42644 end 42743 volume 135800
from 42744 end 42843 volume 135800
from 42844 end 42943 volume 135800
from 42944 end 43043 volume 135800
from 43044 end 43143 volume 135800
from 43144 end 43243 volume 135800
from 43244 end 43343 volume 135800
from 43344 end 43443 volume 135800
from 43444 end 43543 volume 135800
from 43544 end 43643 volume 135800
from 43644 end 43743 volume 135800
from 43744 end 43843 volume 135800
from 43844 end 43943 volume 135800
from 43944 end 44043 volume 135800
from 44044 end 44143 volume 135800
from 65278 end 65377 volume 135800
from 65378 end 65477 volume 135800
from 65478 end 42 volume 137158
from 43 end 142 volume 135800
from 143 end 242 volume 135800
from 243 end 342 volume 135800
from 343 end 442 volume 135800
from 443 end 542 volume 135800
from 543 end 642 volume 135800
from 643 end 742 volume 135800
from 743 end 842 volume 135800
from 843 end 942 volume 135800
from 943 end 1042 volume 135800
from 1043 end 1142 volume 135800
from 1143 end 1242 volume 135800
from 1243 end 1342 volume 135800
from 1343 end 1442 volume 135800
from 1443 end 1542 volume 135800
from 1543 end 1642 volume 135800
from 1643 end 1742 volume 135800
from 1743 end 1842 volume 135800
from 1843 end 1942 volume 135800
from 1943 end 2042 volume 135800
from 2043 end 2142 volume 135800
from 2143 end 2242 volume 135800
from 2243 end 2342 volume 135800
from 2343 end 2442 volume 135800
from 2443 end 2542 volume 135800
from 2543 end 2642 volume 135800
from 2643 end 2742 volume 135800
from 2743 end 2842 volume 135800
from 2843 end 2942 volume 135800
from 2943 end 3042 volume 135800
from 3043 end 3142 volume 135800
from 3143 end 3242 volume 135800
from 3243 end 3342 volume 135800
from 3343 end 3442 volume 135800
from 3443 end 3542 volume 135800
from 3543 end 3642 volume 135800
from 3643 end 3742 volume 135800
from 3743 end 3842 volume 135800
from 3843 end 3942 volume 135800
from 3943 end 4042 volume 135800
from 4043 end 4142 volume 135800
from 4143 end 4242 volume 135800
from 4243 end 4342 volume 135800
from 4343 end 4442 volume 135800
from 4443 end 4542 volume 135800
from 4543 end 4642 volume 135800
from 4643 end 4742 volume 135800
from 4743 end 4842 volume 135800
from 4843 end 4942 volume 135800
from 4943 end 5042 volume 135800
from 5043 end 5142 volume 135800
from 5143 end 5242 volume 135800
from 5243 end 5342 volume 135800
from 5343 end 5442 volume 135800
from 5443 end 5542 volume 135800
from 5543 end 5642 volume 135800
from 5643 end 5742 volume 135800
from 5743 end 5842 volume 135800
from 5843 end 5942 volume 135800
from 5943 end 6042 volume 135800
from 6043 end 6142 volume 135800
from 6143 end 6242 volume 135800
from 6243 end 6342 volume 135800
from 6343 end 6442 volume 135800
from 6443 end 6542 volume 135800
from 6543 end 6642 volume 135800
from 6643 end 6742 volume 135800
from 6743 end 6842 volume 135800
from 6843 end 6942 volume 135800
from 6943 end 7042 volume 135800
from 7043 end 7142 volume 135800
from 7143 end 7242 volume 135800
from 7243 end 7342 volume 135800
from 7343 end 7442 volume 135800
from 7443 end 7542 volume 135800
from 51345 end 51444 volume 135800
from 51445 end 51544 volume 135800
from 51545 end 51644 volume 135800
from 51645 end 51744 volume 135800
from 51745 end 51844 volume 135800
from 51845 end 51944 volume 135800
from 51945 end 52044 volume 135800
from 52045 end 52144 volume 135800
from 52145 end 52244 volume 135800
from 52245 end 52344 volume 135800
from 52345 end 52444 volume 135800
from 52445 end 52544 volume 135800
from 52545 end 52644 volume 135800
from 52645 end 52744 volume 135800
from 52745 end 52844 volume 135800
from 52845 end 52944 volume 135800
from 52945 end 53044 volume 135800
from 53045 end 53144 volume 135800
from 53145 end 53244 volume 135800
from 53245 end 53344 volume 135800
from 53345 end 53444 volume 135800
from 53445 end 53544 volume 135800
from 53545 end 53644 volume 135800
from 53645 end 53744 volume 135800
from 53745 end 53844 volume 135800
from 53845 end 53944 volume 135800
from 53945 end 54044 volume 135800
from 54045 end 54144 volume 135800
from 54145 end 54244 volume 135800
from 54245 end 54344 volume 135800
from 54345 end 54444 volume 135800
from 54445 end 54544 volume 135800
from 54545 end 54644 volume 135800
from 54645 end 54744 volume 135800
from 54745 end 54844 volume 135800
from 54845 end 54944 volume 135800
from 54945 end 55044 volume 135800
from 55045 end 55144 volume 135800
from 55145 end 55244 volume 135800
from 61743 end 61842 volume 135800
from 61843 end 61942 volume 135800
from 61943 end 62042 volume 135800
from 62043 end 62142 volume 135800
from 62143 end 62242 volume 135800
from 62243 end 62342 volume 135800
from 62343 end 62442 volume 135800
from 62443 end 62542 volume 135800
from 62543 end 62642 volume 135800
from 62643 end 62742 volume 135800
from 62743 end 62842 volume 135800
from 62843 end 62942 volume 135800
from 62943 end 63042 volume 135800
from 63043 end 63142 volume 135800
from 63143 end 63242 volume 135800
from 63243 end 63342 volume 135800
from 63343 end 63442 volume 135800
from 63443 end 63542 volume 135800
from 63543 end 63642 volume 135800
from 63643 end 63742 volume 135800
from 63743 end 63842 volume 135800
from 63843 end 63942 volume 135800
from 63943 end 64042 volume 135800
from 64043 end 64142 volume 135800
from 64143 end 64242 volume 135800
from 64243 end 64342 volume 135800
from 64343 end 64442 volume 135800
from 64443 end 64542 volume 135800
from 64543 end 64642 volume 135800
from 64643 end 64742 volume 135800
from 64743 end 64842 volume 135800
from 64843 end 64942 volume 135800
from 64943 end 65042 volume 135800
from 65043 end 65142 volume 135800
from 65143 end 65242 volume 135800
from 65243 end 65342 volume 135800
from 65343 end 65442 volume 135800
from 65443 end 7 volume 137158
from 8 end 107 volume 135800
from 108 end 207 volume 135800
from 208 end 307 volume 135800
from 308 end 407 volume 135800
from 408 end 507 volume 135800
from 508 end 607 volume 135800
from 608 end 707 volume 135800
